<?xml version="1.0" encoding="UTF-8"?>
<!-- Generated by org.testng.reporters.JUnitReportReporter -->
<testsuite hostname="LAPTOP-7EDFT05M" failures="0" tests="1" name="com.inetbanking.testCases.TC_AddCustomerTest_003" time="16.452" errors="0" timestamp="04 Aug 2020 10:50:42 GMT" skipped="0">
  <testcase classname="com.inetbanking.testCases.TC_AddCustomerTest_003" name="addNewCustomer" time="16.452"/>
</testsuite> <!-- com.inetbanking.testCases.TC_AddCustomerTest_003 -->
