<?xml version="1.0" encoding="UTF-8"?>
<!-- Generated by org.testng.reporters.JUnitReportReporter -->
<testsuite hostname="LAPTOP-7EDFT05M" failures="0" tests="1" name="com.inetbanking.testCases.TC_AddCustomerTest_003" time="20.946" errors="0" timestamp="04 Aug 2020 11:41:27 GMT" skipped="0">
  <testcase classname="com.inetbanking.testCases.TC_AddCustomerTest_003" name="addNewCustomer" time="20.946"/>
</testsuite> <!-- com.inetbanking.testCases.TC_AddCustomerTest_003 -->
