<?xml version="1.0" encoding="UTF-8"?>
<!-- Generated by org.testng.reporters.JUnitReportReporter -->
<testsuite hostname="LAPTOP-7EDFT05M" failures="0" tests="1" name="com.inetbanking.testCases.TC_LoginTest_001" time="2.319" errors="0" timestamp="04 Aug 2020 10:58:00 GMT" skipped="0">
  <testcase classname="com.inetbanking.testCases.TC_LoginTest_001" name="loginTest" time="2.319"/>
</testsuite> <!-- com.inetbanking.testCases.TC_LoginTest_001 -->
